[2022-10-20 02:35:58.682] [17004] [debug] C:\workspace\workspace\AD\Agora-Iris\IRIS-SDK\base\internal\log\iris_logger.cc:35 agora::iris::InitLogger 
[2022-10-20 02:35:58.683] [17004] [debug] C:\workspace\workspace\AD\Agora-Iris\IRIS-SDK\base\internal\process\iris_process_win.cc:115 agora::iris::IrisProcess::GetCurrentModuleFileName path D:\Workspace\Flutter\MOBILE-APP\build\windows\runner\Debug\AgoraRtcWrapper.dll
[2022-10-20 02:50:25.512] [17344] [debug] C:\workspace\workspace\AD\Agora-Iris\IRIS-SDK\base\internal\log\iris_logger.cc:35 agora::iris::InitLogger 
[2022-10-20 02:50:25.512] [17344] [debug] C:\workspace\workspace\AD\Agora-Iris\IRIS-SDK\base\internal\process\iris_process_win.cc:115 agora::iris::IrisProcess::GetCurrentModuleFileName path D:\Workspace\Flutter\MOBILE-APP\build\windows\runner\Debug\AgoraRtcWrapper.dll
[2022-10-20 02:57:17.162] [15668] [debug] C:\workspace\workspace\AD\Agora-Iris\IRIS-SDK\base\internal\log\iris_logger.cc:35 agora::iris::InitLogger 
[2022-10-20 02:57:17.163] [15668] [debug] C:\workspace\workspace\AD\Agora-Iris\IRIS-SDK\base\internal\process\iris_process_win.cc:115 agora::iris::IrisProcess::GetCurrentModuleFileName path D:\Workspace\Flutter\MOBILE-APP\build\windows\runner\Debug\AgoraRtcWrapper.dll
[2022-10-20 03:30:37.872] [10900] [debug] C:\workspace\workspace\AD\Agora-Iris\IRIS-SDK\base\internal\log\iris_logger.cc:35 agora::iris::InitLogger 
[2022-10-20 03:30:37.872] [10900] [debug] C:\workspace\workspace\AD\Agora-Iris\IRIS-SDK\base\internal\process\iris_process_win.cc:115 agora::iris::IrisProcess::GetCurrentModuleFileName path D:\Workspace\Flutter\MOBILE-APP\build\windows\runner\Debug\AgoraRtcWrapper.dll
[2022-10-20 03:34:14.143] [17292] [debug] C:\workspace\workspace\AD\Agora-Iris\IRIS-SDK\base\internal\log\iris_logger.cc:35 agora::iris::InitLogger 
[2022-10-20 03:34:14.144] [17292] [debug] C:\workspace\workspace\AD\Agora-Iris\IRIS-SDK\base\internal\process\iris_process_win.cc:115 agora::iris::IrisProcess::GetCurrentModuleFileName path D:\Workspace\Flutter\MOBILE-APP\build\windows\runner\Debug\AgoraRtcWrapper.dll
[2022-10-20 03:35:39.929] [3376] [debug] C:\workspace\workspace\AD\Agora-Iris\IRIS-SDK\base\internal\log\iris_logger.cc:35 agora::iris::InitLogger 
[2022-10-20 03:35:39.930] [3376] [debug] C:\workspace\workspace\AD\Agora-Iris\IRIS-SDK\base\internal\process\iris_process_win.cc:115 agora::iris::IrisProcess::GetCurrentModuleFileName path D:\Workspace\Flutter\MOBILE-APP\build\windows\runner\Debug\AgoraRtcWrapper.dll
[2022-10-20 03:41:22.863] [3188] [debug] C:\workspace\workspace\AD\Agora-Iris\IRIS-SDK\base\internal\log\iris_logger.cc:35 agora::iris::InitLogger 
[2022-10-20 03:41:22.863] [3188] [debug] C:\workspace\workspace\AD\Agora-Iris\IRIS-SDK\base\internal\process\iris_process_win.cc:115 agora::iris::IrisProcess::GetCurrentModuleFileName path D:\Workspace\Flutter\MOBILE-APP\build\windows\runner\Debug\AgoraRtcWrapper.dll
[2022-10-20 03:58:04.351] [2064] [debug] C:\workspace\workspace\AD\Agora-Iris\IRIS-SDK\base\internal\log\iris_logger.cc:35 agora::iris::InitLogger 
[2022-10-20 03:58:04.352] [2064] [debug] C:\workspace\workspace\AD\Agora-Iris\IRIS-SDK\base\internal\process\iris_process_win.cc:115 agora::iris::IrisProcess::GetCurrentModuleFileName path D:\Workspace\Flutter\MOBILE-APP\build\windows\runner\Debug\AgoraRtcWrapper.dll
[2022-10-20 04:05:46.245] [10104] [debug] C:\workspace\workspace\AD\Agora-Iris\IRIS-SDK\base\internal\log\iris_logger.cc:35 agora::iris::InitLogger 
[2022-10-20 04:05:46.245] [10104] [debug] C:\workspace\workspace\AD\Agora-Iris\IRIS-SDK\base\internal\process\iris_process_win.cc:115 agora::iris::IrisProcess::GetCurrentModuleFileName path D:\Workspace\Flutter\MOBILE-APP\build\windows\runner\Debug\AgoraRtcWrapper.dll
[2022-10-20 04:26:03.133] [10104] [debug] C:\workspace\workspace\AD\Agora-Iris\IRIS-SDK\rtc\cxx\src\iris_rtc_engine.cc:104 agora::iris::rtc::IrisRtcEngine::CallApi api_type 0 params {"context":{"appId":"3d00d988d6de4c8fa5812d94fa581a08","areaCode":4294967295},"appGroup":null}
[2022-10-20 04:26:03.241] [10104] [debug] C:\workspace\workspace\AD\Agora-Iris\IRIS-SDK\rtc\cxx\src\iris_rtc_engine.cc:114 agora::iris::rtc::IrisRtcEngine::CallApi ret 0 result 
[2022-10-20 04:26:03.258] [10104] [debug] C:\workspace\workspace\AD\Agora-Iris\IRIS-SDK\rtc\cxx\src\iris_rtc_engine.cc:104 agora::iris::rtc::IrisRtcEngine::CallApi api_type 162 params {"appType":4}
[2022-10-20 04:26:03.258] [10104] [debug] C:\workspace\workspace\AD\Agora-Iris\IRIS-SDK\rtc\cxx\src\iris_rtc_engine.cc:114 agora::iris::rtc::IrisRtcEngine::CallApi ret 0 result 
[2022-10-20 04:26:03.259] [10104] [debug] C:\workspace\workspace\AD\Agora-Iris\IRIS-SDK\rtc\cxx\src\iris_rtc_engine.cc:104 agora::iris::rtc::IrisRtcEngine::CallApi api_type 127 params {}
[2022-10-20 04:26:03.259] [10104] [debug] C:\workspace\workspace\AD\Agora-Iris\IRIS-SDK\rtc\cxx\src\iris_rtc_engine.cc:114 agora::iris::rtc::IrisRtcEngine::CallApi ret 0 result 3.6.2.70
[2022-10-20 04:26:03.278] [10104] [debug] C:\workspace\workspace\AD\Agora-Iris\IRIS-SDK\rtc\cxx\src\iris_rtc_engine.cc:104 agora::iris::rtc::IrisRtcEngine::CallApi api_type 15 params {}
[2022-10-20 04:26:03.278] [10104] [debug] C:\workspace\workspace\AD\Agora-Iris\IRIS-SDK\rtc\cxx\src\iris_rtc_engine.cc:114 agora::iris::rtc::IrisRtcEngine::CallApi ret 0 result 
[2022-10-20 04:26:03.293] [10104] [debug] C:\workspace\workspace\AD\Agora-Iris\IRIS-SDK\rtc\cxx\src\iris_rtc_engine.cc:104 agora::iris::rtc::IrisRtcEngine::CallApi api_type 41 params {"interval":200,"smooth":3,"report_vad":true}
[2022-10-20 04:26:03.293] [10104] [debug] C:\workspace\workspace\AD\Agora-Iris\IRIS-SDK\rtc\cxx\src\iris_rtc_engine.cc:114 agora::iris::rtc::IrisRtcEngine::CallApi ret 0 result 
[2022-10-20 04:26:03.308] [10104] [debug] C:\workspace\workspace\AD\Agora-Iris\IRIS-SDK\rtc\cxx\src\iris_rtc_engine.cc:104 agora::iris::rtc::IrisRtcEngine::CallApi api_type 4 params {"token":null,"channelId":"test","info":null,"uid":0,"options":null}
[2022-10-20 04:26:03.619] [10104] [debug] C:\workspace\workspace\AD\Agora-Iris\IRIS-SDK\rtc\cxx\src\iris_rtc_engine.cc:114 agora::iris::rtc::IrisRtcEngine::CallApi ret 0 result 
[2022-10-20 04:26:03.899] [10104] [info] C:\workspace\workspace\AD\Agora-Iris\IRIS-SDK\rtc\cxx\src\internal\rtc_engine_event_handler.cc:72 agora::iris::rtc::RtcEngineEventHandler::onJoinChannelSuccess channel test uid 225339430
[2022-10-20 04:26:05.967] [10104] [warning] C:\workspace\workspace\AD\Agora-Iris\IRIS-SDK\rtc\cxx\src\internal\rtc_engine_event_handler.cc:43 agora::iris::rtc::RtcEngineEventHandler::onWarning warn 1031 msg nullptr
[2022-10-20 04:26:07.967] [10104] [warning] C:\workspace\workspace\AD\Agora-Iris\IRIS-SDK\rtc\cxx\src\internal\rtc_engine_event_handler.cc:43 agora::iris::rtc::RtcEngineEventHandler::onWarning warn 1031 msg nullptr
[2022-10-20 04:26:09.369] [10104] [debug] C:\workspace\workspace\AD\Agora-Iris\IRIS-SDK\rtc\cxx\src\iris_rtc_engine.cc:104 agora::iris::rtc::IrisRtcEngine::CallApi api_type 6 params {}
[2022-10-20 04:26:09.370] [10104] [debug] C:\workspace\workspace\AD\Agora-Iris\IRIS-SDK\rtc\cxx\src\iris_rtc_engine.cc:114 agora::iris::rtc::IrisRtcEngine::CallApi ret 0 result 
[2022-10-20 04:26:09.371] [10104] [debug] C:\workspace\workspace\AD\Agora-Iris\IRIS-SDK\rtc\cxx\src\iris_rtc_engine.cc:104 agora::iris::rtc::IrisRtcEngine::CallApi api_type 1 params {"sync":true}
[2022-10-20 04:26:09.459] [10104] [info] C:\workspace\workspace\AD\Agora-Iris\IRIS-SDK\rtc\cxx\src\internal\rtc_engine_event_handler.cc:98 agora::iris::rtc::RtcEngineEventHandler::onLeaveChannel 
[2022-10-20 04:26:09.464] [10104] [debug] C:\workspace\workspace\AD\Agora-Iris\IRIS-SDK\rtc\cxx\src\iris_rtc_engine.cc:114 agora::iris::rtc::IrisRtcEngine::CallApi ret 0 result 
[2022-10-20 05:04:57.777] [1696] [debug] C:\workspace\workspace\AD\Agora-Iris\IRIS-SDK\base\internal\log\iris_logger.cc:35 agora::iris::InitLogger 
[2022-10-20 05:04:57.778] [1696] [debug] C:\workspace\workspace\AD\Agora-Iris\IRIS-SDK\base\internal\process\iris_process_win.cc:115 agora::iris::IrisProcess::GetCurrentModuleFileName path D:\Workspace\Flutter\MOBILE-APP\build\windows\runner\Debug\AgoraRtcWrapper.dll
